<?xml version="1.0" encoding="UTF-8"?>
<!-- Generated by org.testng.reporters.JUnitReportReporter -->
<testsuite hostname="DESKTOP-GDLKIJA" failures="0" tests="1" name="testcases.ShoppingCartProceed" time="15.885" errors="0" timestamp="2022-01-17T16:23:02 GMT" skipped="0">
  <testcase classname="testcases.ShoppingCartProceed" name="addShopingCart" time="15.885"/>
  <system-out/>
</testsuite> <!-- testcases.ShoppingCartProceed -->
